This is pdfTeX, Version 3.14159265-2.6-1.40.20 (TeX Live 2019/W32TeX) (preloaded format=pdflatex 2020.3.5)  25 APR 2021 13:52
entering extended mode
 restricted \write18 enabled.
 %&-line parsing enabled.
**main_report.tex
(./main_report.tex
LaTeX2e <2020-02-02> patch level 5
L3 programming layer <2020-02-25> (./JASA.cls
Document Class: JASA 2019/09/09 Version 1.1, document class
Class JASA Info: 
 Written by Amy Hendrickson, amyh@texnology.com, http://www.texnology.com 
 
  on input line 93.


 Please update your system to include revtex4-1.cls

 We recommend downloading a current version of TeX Live, MacTeX, or MikTeX to h
ave all the current files
 ) ) 
Here is how much of TeX's memory you used:
 28 strings out of 482913
 520 string characters out of 5957673
 232977 words of memory out of 5000000
 15398 multiletter control sequences out of 15000+600000
 532338 words of font info for 24 fonts, out of 8000000 for 9000
 14 hyphenation exceptions out of 8191
 16i,1n,17p,119b,14s stack positions out of 5000i,500n,10000p,200000b,80000s

No pages of output.
PDF statistics:
 0 PDF objects out of 1000 (max. 8388607)
 0 named destinations out of 1000 (max. 500000)
 1 words of extra memory for PDF output out of 10000 (max. 10000000)

